0
.character.calvin_and_hobbes
.art
.epic.animals.tiger
.rom.cute.male

1
.rom.cute.male
.epic.video_games

2
.character.fate_zero.gilgamesh
.epic.armor
.art

3
.character.breaking_bad.flynn
.real
.photoshop
.epic.funny
.rom.cute.male

4
.character.kenichi_the_mightiest_disciple.tanimoto
.art
.rom.cute.male
.epic

5
.real
.rom.cute.male.gay.bromance
.epic.funny

6
.real
.rom.cute.male.gay.romance.kiss

7
.real
.photoshop
.rom.cute.male
.epic.funny

8
.character.fate_zero.gilgamesh
.character.fate_zero.kirei
.art
.rom.cute.male.gay.romance

9
.epic.funny
.real
.rom.cute.male

10
.character.tengen_toppa_gurren_lagan.simon
.character.tengen_toppa_gurren_lagan.kamina
.art
.rom.cute.male.gay.bromance

11
.character.fate_zero.gilgamesh
.art
.rom.cute.male

12
.character.fate_zero.gilgamesh
.art
.rom.cute.male
.epic.armor.body

13
.character.avengers.thor
.real
.gif
.epic.funny

14
.character.video_games.megaman.x
.sprite.sheet

15
.epic.funny
.art
.epic.animals.lion

16
.character.darker_than_black.rei
.art
.epic.armor.mask

17
.real
.rom.cute.squee
.rom.cute.male.gay.romance

18
.real
.rom.cute.male.gay.bromance
.epic.funny

19
.character.attack_on_titan
.art
.rom.cute.male.gay.bromance
.epic.amputee.arm

20
.character.rotbtd.jack_frost
.art
.rom.cute.male

21
.epic.video_games

22
.epic

23
.art
.character.blue_exorcist.rin
.character.blue_exorcist.shima

24
.real
.epic.animals.lion
.epic.animals.tiger
.rom.cute.squee

25
.real
.epic.sports

26
.art
.epic.amputee.arm
.rom.cute.male

27
.art
.character.attack_on_titan
.epic.amputee.arm
.epic.funny
.rom.cute.male

28
.art
.character.fate_zero.gilgamesh
.epic.animals.lion

29
.art
.sprite
.character.video_games.megaman.x

30
.art
.epic.funny
.epic.video_games.pokemon.firered
.rom.cute.male.gay.romance

31
.art
.epic
.character.supernatural.sam
.character.supernatural.dean
.character.supernatural.bobby
.character.supernatural.castiel

32
.real
.epic.funny
.rom.cute.male

33
.real
.rom.cute.male.gay.romance.kiss
.epic.sports.athletics

34
.art
.character.supernatural.sam
.character.supernatural.dean
.epic.funny
.rom.cute.male.gay.bromance

35
.real
.epic
.rom.cute.male.gay.romance.kiss
