.character.digimon.adventure.tai
.character.digimon.adventure.matt
.character.digimon.adventure.tk
.character.digimon.adventure.joey
.character.digimon.adventure.izzy
.character.digimon.adventure.agumon_family.koromon
.character.digimon.adventure.agumon_family.agumon
.character.digimon.adventure.agumon_family.greymon
.character.digimon.adventure.agumon_family.metalgreymon
.character.digimon.adventure.agumon_family.wargreymon
.character.digimon.adventure.gabumon_family.gabumon
.character.digimon.adventure.gabumon_family.garurumon
.character.digimon.adventure.gabumon_family.weregarurumon
.character.digimon.adventure.gabumon_family.metallgarurumon
.character.digimon.adventure2.davis
.character.digimon.adventure2.tk
.character.digimon.adventure2.ken
.character.digimon.adventure2.veemon_family.veemon
.character.digimon.adventure2.veemon_family.xveemon
.character.digimon.adventure2.veemon_family.flamedramon
.character.digimon.frontier.takuya
.character.digimon.frontier.kouji
.character.digimon.frontier.kouichi
.character.dragonballz.son.goku
.character.dragonballz.son.gohan
.character.dragonballz.son.goten
.character.dragonballz.trunks.mirai
.character.dragonballz.trunks.chibi
.character.dragonballz.vegeta
.character.dragonballz.buu
.character.dragonballz.17
.character.homestuck.human.dirk
.character.homestuck.human.dave
.character.homestuck.human.jake
.character.homestuck.human.john
.character.homestuck.troll.karkat
.character.homestuck.troll.tavros
.character.homestuck.troll.rufioh
.character.homestuck.brobot
.character.homestuck.davesprite
.character.fate_zero.gilgamesh
.character.fate_zero.lancer
.character.fate_zero.kirei
.character.fate_zero.shirou
.character.fate_zero.enkitu
.character.calvin_and_hobbes
.character.breaking_bad.flynn
.character.breaking_bad.walter
.character.breaking_bad.jesse
.character.breaking_bad.gustavo
.character.kenichi_the_mightiest_disciple.kenichi
.character.kenichi_the_mightiest_disciple.tanimoto
.character.tengen_toppa_gurren_lagan.simon
.character.tengen_toppa_gurren_lagan.kamina
.character.avengers.thor
.character.avengers.loki
.character.avengers.ironman
.character.avengers.hulk
.character.avengers.captain_america
.character.darker_than_black.rei
.character.rotbtd.jack_frost
.character.rotbtd.hiccup
.character.video_games.megaman.x
.character.video_games.megaman.zero
.character.video_games.megaman.original
.character.video_games.loz.link
.character.video_games.loz.zelda
.character.video_games.loz.pippit
.character.video_games.metroid.samus
.character.video_games.pokemon.trainer_red
.character.video_games.pokemon.ethan
.character.video_games.pokemon.ash
.character.video_games.pokemon.trainer_silver
.character.video_games.pokemon.lance
.character.supernatural.sam
.character.supernatural.dean
.character.supernatural.bobby
.character.supernatural.castiel
.character.supernatural.lucifer
.character.attack_on_titan
.character.blue_exorcist.rin
.character.blue_exorcist.shima
.real
.art
.gif
.sprite.sheet
.rom.cute.male.gay.romance.kiss
.rom.cute.male.gay.bromance
.rom.cute.squee
.photoshop
.epic.armor.body
.epic.armor.gauntlet
.epic.armor.mask
.epic.funny
.epic.amputee.arm
.epic.amputee.quad
.epic.video_games.metroid.super_metroid
.epic.video_games.metroid.metroid_prime
.epic.video_games.minecraft
.epic.video_games.team_fortress
.epic.video_games.pokemon.red
.epic.video_games.pokemon.gold
.epic.video_games.pokemon.ruby
.epic.video_games.pokemon.firered
.epic.video_games.loz.skyward_sword
.epic.video_games.loz.twilight_princess
.epic.video_games.loz.minish_cap
.epic.video_games.loz.ocarina_of_time
.epic.video_games.loz.majoras_mask
.epic.video_games.super_mario.super_mario_sunshine
.epic.video_games.super_mario.mario_n64
.epic.video_games.super_mario.super_mario_bros
.epic.video_games.super_mario.paper_mario
.epic.sports.gymnastics
.epic.sports.athletics
.epic.animals.lion
.epic.animals.tiger
.epic.animals.snake

